2017-06-15 14:18:05,010 - Log4JLogChute initialized using file 'velocity.log'
2017-06-15 14:18:05,010 - Initializing Velocity, Calling init()...
2017-06-15 14:18:05,010 - Starting Apache Velocity v1.7 (compiled: 2010-11-19 12:14:37)
2017-06-15 14:18:05,010 - Default Properties File: org\apache\velocity\runtime\defaults\velocity.properties
2017-06-15 14:18:05,010 - Trying to use logger class org.apache.velocity.runtime.log.AvalonLogChute
2017-06-15 14:18:05,011 - Target log system for org.apache.velocity.runtime.log.AvalonLogChute is not available (java.lang.NoClassDefFoundError: org/apache/log/format/Formatter).  Falling back to next log system...
2017-06-15 14:18:05,011 - Trying to use logger class org.apache.velocity.runtime.log.Log4JLogChute
2017-06-15 14:18:05,011 - Using logger class org.apache.velocity.runtime.log.Log4JLogChute
2017-06-15 14:18:05,016 - ResourceLoader instantiated: org.apache.velocity.runtime.resource.loader.ClasspathResourceLoader
2017-06-15 14:18:05,027 - ResourceCache: initialized (class org.apache.velocity.runtime.resource.ResourceCacheImpl) with class java.util.Collections$SynchronizedMap cache map.
2017-06-15 14:18:05,028 - Loaded System Directive: org.apache.velocity.runtime.directive.Stop
2017-06-15 14:18:05,029 - Loaded System Directive: org.apache.velocity.runtime.directive.Define
2017-06-15 14:18:05,030 - Loaded System Directive: org.apache.velocity.runtime.directive.Break
2017-06-15 14:18:05,030 - Loaded System Directive: org.apache.velocity.runtime.directive.Evaluate
2017-06-15 14:18:05,031 - Loaded System Directive: org.apache.velocity.runtime.directive.Literal
2017-06-15 14:18:05,031 - Loaded System Directive: org.apache.velocity.runtime.directive.Macro
2017-06-15 14:18:05,032 - Loaded System Directive: org.apache.velocity.runtime.directive.Parse
2017-06-15 14:18:05,033 - Loaded System Directive: org.apache.velocity.runtime.directive.Include
2017-06-15 14:18:05,034 - Loaded System Directive: org.apache.velocity.runtime.directive.Foreach
2017-06-15 14:18:05,054 - Created '20' parsers.
2017-06-15 14:18:05,057 - Velocimacro : "velocimacro.library" is not set.  Trying default library: VM_global_library.vm
2017-06-15 14:18:05,058 - Could not load resource 'VM_global_library.vm' from ResourceLoader org.apache.velocity.runtime.resource.loader.ClasspathResourceLoader: ClasspathResourceLoader Error: cannot find resource VM_global_library.vm
2017-06-15 14:18:05,058 - Velocimacro : Default library not found.
2017-06-15 14:18:05,058 - Velocimacro : allowInline = true : VMs can be defined inline in templates
2017-06-15 14:18:05,058 - Velocimacro : allowInlineToOverride = false : VMs defined inline may NOT replace previous VM definitions
2017-06-15 14:18:05,058 - Velocimacro : allowInlineLocal = false : VMs defined inline will be global in scope if allowed.
2017-06-15 14:18:05,058 - Velocimacro : autoload off : VM system will not automatically reload global library macros
2017-06-15 14:18:05,085 - ResourceManager : found /templates/entity.java.vm with loader org.apache.velocity.runtime.resource.loader.ClasspathResourceLoader
2017-06-15 14:18:05,107 - ResourceManager : found /templates/mapper.java.vm with loader org.apache.velocity.runtime.resource.loader.ClasspathResourceLoader
2017-06-15 14:18:05,109 - ResourceManager : found /templates/service.java.vm with loader org.apache.velocity.runtime.resource.loader.ClasspathResourceLoader
2017-06-15 14:18:05,111 - ResourceManager : found /templates/serviceImpl.java.vm with loader org.apache.velocity.runtime.resource.loader.ClasspathResourceLoader
2017-06-15 14:18:05,112 - ResourceManager : found /templates/controller.java.vm with loader org.apache.velocity.runtime.resource.loader.ClasspathResourceLoader
2017-06-15 14:18:05,114 - ResourceManager : unable to find resource '/template/list.jsp.vm' in any resource loader.
2017-06-15 14:21:54,155 - Log4JLogChute initialized using file 'velocity.log'
2017-06-15 14:21:54,155 - Initializing Velocity, Calling init()...
2017-06-15 14:21:54,155 - Starting Apache Velocity v1.7 (compiled: 2010-11-19 12:14:37)
2017-06-15 14:21:54,155 - Default Properties File: org\apache\velocity\runtime\defaults\velocity.properties
2017-06-15 14:21:54,156 - Trying to use logger class org.apache.velocity.runtime.log.AvalonLogChute
2017-06-15 14:21:54,156 - Target log system for org.apache.velocity.runtime.log.AvalonLogChute is not available (java.lang.NoClassDefFoundError: org/apache/log/format/Formatter).  Falling back to next log system...
2017-06-15 14:21:54,156 - Trying to use logger class org.apache.velocity.runtime.log.Log4JLogChute
2017-06-15 14:21:54,156 - Using logger class org.apache.velocity.runtime.log.Log4JLogChute
2017-06-15 14:21:54,158 - ResourceLoader instantiated: org.apache.velocity.runtime.resource.loader.ClasspathResourceLoader
2017-06-15 14:21:54,169 - ResourceCache: initialized (class org.apache.velocity.runtime.resource.ResourceCacheImpl) with class java.util.Collections$SynchronizedMap cache map.
2017-06-15 14:21:54,170 - Loaded System Directive: org.apache.velocity.runtime.directive.Stop
2017-06-15 14:21:54,170 - Loaded System Directive: org.apache.velocity.runtime.directive.Define
2017-06-15 14:21:54,171 - Loaded System Directive: org.apache.velocity.runtime.directive.Break
2017-06-15 14:21:54,171 - Loaded System Directive: org.apache.velocity.runtime.directive.Evaluate
2017-06-15 14:21:54,172 - Loaded System Directive: org.apache.velocity.runtime.directive.Literal
2017-06-15 14:21:54,173 - Loaded System Directive: org.apache.velocity.runtime.directive.Macro
2017-06-15 14:21:54,177 - Loaded System Directive: org.apache.velocity.runtime.directive.Parse
2017-06-15 14:21:54,178 - Loaded System Directive: org.apache.velocity.runtime.directive.Include
2017-06-15 14:21:54,179 - Loaded System Directive: org.apache.velocity.runtime.directive.Foreach
2017-06-15 14:21:54,199 - Created '20' parsers.
2017-06-15 14:21:54,205 - Velocimacro : "velocimacro.library" is not set.  Trying default library: VM_global_library.vm
2017-06-15 14:21:54,206 - Could not load resource 'VM_global_library.vm' from ResourceLoader org.apache.velocity.runtime.resource.loader.ClasspathResourceLoader: ClasspathResourceLoader Error: cannot find resource VM_global_library.vm
2017-06-15 14:21:54,206 - Velocimacro : Default library not found.
2017-06-15 14:21:54,206 - Velocimacro : allowInline = true : VMs can be defined inline in templates
2017-06-15 14:21:54,206 - Velocimacro : allowInlineToOverride = false : VMs defined inline may NOT replace previous VM definitions
2017-06-15 14:21:54,206 - Velocimacro : allowInlineLocal = false : VMs defined inline will be global in scope if allowed.
2017-06-15 14:21:54,206 - Velocimacro : autoload off : VM system will not automatically reload global library macros
2017-06-15 14:21:54,269 - ResourceManager : found /templates/entity.java.vm with loader org.apache.velocity.runtime.resource.loader.ClasspathResourceLoader
2017-06-15 14:21:54,285 - ResourceManager : found /templates/mapper.java.vm with loader org.apache.velocity.runtime.resource.loader.ClasspathResourceLoader
2017-06-15 14:21:54,287 - ResourceManager : found /templates/service.java.vm with loader org.apache.velocity.runtime.resource.loader.ClasspathResourceLoader
2017-06-15 14:21:54,290 - ResourceManager : found /templates/serviceImpl.java.vm with loader org.apache.velocity.runtime.resource.loader.ClasspathResourceLoader
2017-06-15 14:21:54,292 - ResourceManager : found /templates/controller.java.vm with loader org.apache.velocity.runtime.resource.loader.ClasspathResourceLoader
2017-06-15 14:21:54,296 - ResourceManager : found /templates/mapper.xml.vm with loader org.apache.velocity.runtime.resource.loader.ClasspathResourceLoader
2017-06-15 14:21:54,313 - ResourceManager : found /templates/entity.java.vm with loader org.apache.velocity.runtime.resource.loader.ClasspathResourceLoader
2017-06-15 14:21:54,326 - ResourceManager : found /templates/mapper.java.vm with loader org.apache.velocity.runtime.resource.loader.ClasspathResourceLoader
2017-06-15 14:21:54,331 - ResourceManager : found /templates/service.java.vm with loader org.apache.velocity.runtime.resource.loader.ClasspathResourceLoader
2017-06-15 14:21:54,333 - ResourceManager : found /templates/serviceImpl.java.vm with loader org.apache.velocity.runtime.resource.loader.ClasspathResourceLoader
2017-06-15 14:21:54,339 - ResourceManager : found /templates/controller.java.vm with loader org.apache.velocity.runtime.resource.loader.ClasspathResourceLoader
2017-06-15 14:21:54,351 - ResourceManager : found /templates/mapper.xml.vm with loader org.apache.velocity.runtime.resource.loader.ClasspathResourceLoader
2017-06-15 14:21:54,448 - ResourceManager : found /templates/entity.java.vm with loader org.apache.velocity.runtime.resource.loader.ClasspathResourceLoader
2017-06-15 14:21:54,461 - ResourceManager : found /templates/mapper.java.vm with loader org.apache.velocity.runtime.resource.loader.ClasspathResourceLoader
2017-06-15 14:21:54,463 - ResourceManager : found /templates/service.java.vm with loader org.apache.velocity.runtime.resource.loader.ClasspathResourceLoader
2017-06-15 14:21:54,467 - ResourceManager : found /templates/serviceImpl.java.vm with loader org.apache.velocity.runtime.resource.loader.ClasspathResourceLoader
2017-06-15 14:21:54,469 - ResourceManager : found /templates/controller.java.vm with loader org.apache.velocity.runtime.resource.loader.ClasspathResourceLoader
2017-06-15 14:21:54,471 - ResourceManager : found /templates/mapper.xml.vm with loader org.apache.velocity.runtime.resource.loader.ClasspathResourceLoader
2017-06-15 14:21:54,476 - ResourceManager : found /templates/entity.java.vm with loader org.apache.velocity.runtime.resource.loader.ClasspathResourceLoader
2017-06-15 14:21:54,478 - ResourceManager : found /templates/mapper.java.vm with loader org.apache.velocity.runtime.resource.loader.ClasspathResourceLoader
2017-06-15 14:21:54,480 - ResourceManager : found /templates/service.java.vm with loader org.apache.velocity.runtime.resource.loader.ClasspathResourceLoader
2017-06-15 14:21:54,481 - ResourceManager : found /templates/serviceImpl.java.vm with loader org.apache.velocity.runtime.resource.loader.ClasspathResourceLoader
2017-06-15 14:21:54,483 - ResourceManager : found /templates/controller.java.vm with loader org.apache.velocity.runtime.resource.loader.ClasspathResourceLoader
2017-06-15 14:21:54,486 - ResourceManager : found /templates/mapper.xml.vm with loader org.apache.velocity.runtime.resource.loader.ClasspathResourceLoader
2017-06-15 14:21:54,518 - ResourceManager : found /templates/entity.java.vm with loader org.apache.velocity.runtime.resource.loader.ClasspathResourceLoader
2017-06-15 14:21:54,524 - ResourceManager : found /templates/mapper.java.vm with loader org.apache.velocity.runtime.resource.loader.ClasspathResourceLoader
2017-06-15 14:21:54,528 - ResourceManager : found /templates/service.java.vm with loader org.apache.velocity.runtime.resource.loader.ClasspathResourceLoader
2017-06-15 14:21:54,531 - ResourceManager : found /templates/serviceImpl.java.vm with loader org.apache.velocity.runtime.resource.loader.ClasspathResourceLoader
2017-06-15 14:21:54,533 - ResourceManager : found /templates/controller.java.vm with loader org.apache.velocity.runtime.resource.loader.ClasspathResourceLoader
2017-06-15 14:21:54,537 - ResourceManager : found /templates/mapper.xml.vm with loader org.apache.velocity.runtime.resource.loader.ClasspathResourceLoader
2017-06-16 16:32:59,181 - Log4JLogChute initialized using file 'velocity.log'
2017-06-16 16:32:59,192 - Initializing Velocity, Calling init()...
2017-06-16 16:32:59,192 - Starting Apache Velocity v1.7 (compiled: 2010-11-19 12:14:37)
2017-06-16 16:32:59,192 - Default Properties File: org\apache\velocity\runtime\defaults\velocity.properties
2017-06-16 16:32:59,192 - Trying to use logger class org.apache.velocity.runtime.log.AvalonLogChute
2017-06-16 16:32:59,192 - Target log system for org.apache.velocity.runtime.log.AvalonLogChute is not available (java.lang.NoClassDefFoundError: org/apache/log/format/Formatter).  Falling back to next log system...
2017-06-16 16:32:59,192 - Trying to use logger class org.apache.velocity.runtime.log.Log4JLogChute
2017-06-16 16:32:59,192 - Using logger class org.apache.velocity.runtime.log.Log4JLogChute
2017-06-16 16:32:59,197 - ResourceLoader instantiated: org.apache.velocity.runtime.resource.loader.ClasspathResourceLoader
2017-06-16 16:32:59,208 - ResourceCache: initialized (class org.apache.velocity.runtime.resource.ResourceCacheImpl) with class java.util.Collections$SynchronizedMap cache map.
2017-06-16 16:32:59,209 - Loaded System Directive: org.apache.velocity.runtime.directive.Stop
2017-06-16 16:32:59,210 - Loaded System Directive: org.apache.velocity.runtime.directive.Define
2017-06-16 16:32:59,210 - Loaded System Directive: org.apache.velocity.runtime.directive.Break
2017-06-16 16:32:59,211 - Loaded System Directive: org.apache.velocity.runtime.directive.Evaluate
2017-06-16 16:32:59,211 - Loaded System Directive: org.apache.velocity.runtime.directive.Literal
2017-06-16 16:32:59,212 - Loaded System Directive: org.apache.velocity.runtime.directive.Macro
2017-06-16 16:32:59,213 - Loaded System Directive: org.apache.velocity.runtime.directive.Parse
2017-06-16 16:32:59,214 - Loaded System Directive: org.apache.velocity.runtime.directive.Include
2017-06-16 16:32:59,214 - Loaded System Directive: org.apache.velocity.runtime.directive.Foreach
2017-06-16 16:32:59,243 - Created '20' parsers.
2017-06-16 16:32:59,247 - Velocimacro : "velocimacro.library" is not set.  Trying default library: VM_global_library.vm
2017-06-16 16:32:59,247 - Could not load resource 'VM_global_library.vm' from ResourceLoader org.apache.velocity.runtime.resource.loader.ClasspathResourceLoader: ClasspathResourceLoader Error: cannot find resource VM_global_library.vm
2017-06-16 16:32:59,247 - Velocimacro : Default library not found.
2017-06-16 16:32:59,247 - Velocimacro : allowInline = true : VMs can be defined inline in templates
2017-06-16 16:32:59,247 - Velocimacro : allowInlineToOverride = false : VMs defined inline may NOT replace previous VM definitions
2017-06-16 16:32:59,247 - Velocimacro : allowInlineLocal = false : VMs defined inline will be global in scope if allowed.
2017-06-16 16:32:59,247 - Velocimacro : autoload off : VM system will not automatically reload global library macros
2017-06-16 16:32:59,264 - ResourceManager : found /templates/entity.java.vm with loader org.apache.velocity.runtime.resource.loader.ClasspathResourceLoader
2017-06-16 16:32:59,317 - ResourceManager : found /templates/mapper.java.vm with loader org.apache.velocity.runtime.resource.loader.ClasspathResourceLoader
2017-06-16 16:32:59,321 - ResourceManager : found /templates/service.java.vm with loader org.apache.velocity.runtime.resource.loader.ClasspathResourceLoader
2017-06-16 16:32:59,322 - ResourceManager : found /templates/serviceImpl.java.vm with loader org.apache.velocity.runtime.resource.loader.ClasspathResourceLoader
2017-06-16 16:32:59,325 - ResourceManager : found /templates/controller.java.vm with loader org.apache.velocity.runtime.resource.loader.ClasspathResourceLoader
2017-06-16 16:32:59,329 - ResourceManager : found /templates/mapper.xml.vm with loader org.apache.velocity.runtime.resource.loader.ClasspathResourceLoader
2017-06-16 16:32:59,381 - ResourceManager : found /templates/entity.java.vm with loader org.apache.velocity.runtime.resource.loader.ClasspathResourceLoader
2017-06-16 16:32:59,391 - ResourceManager : found /templates/mapper.java.vm with loader org.apache.velocity.runtime.resource.loader.ClasspathResourceLoader
2017-06-16 16:32:59,393 - ResourceManager : found /templates/service.java.vm with loader org.apache.velocity.runtime.resource.loader.ClasspathResourceLoader
2017-06-16 16:32:59,394 - ResourceManager : found /templates/serviceImpl.java.vm with loader org.apache.velocity.runtime.resource.loader.ClasspathResourceLoader
2017-06-16 16:32:59,397 - ResourceManager : found /templates/controller.java.vm with loader org.apache.velocity.runtime.resource.loader.ClasspathResourceLoader
2017-06-16 16:32:59,400 - ResourceManager : found /templates/mapper.xml.vm with loader org.apache.velocity.runtime.resource.loader.ClasspathResourceLoader
2017-06-16 16:32:59,423 - ResourceManager : found /templates/entity.java.vm with loader org.apache.velocity.runtime.resource.loader.ClasspathResourceLoader
2017-06-16 16:32:59,428 - ResourceManager : found /templates/mapper.java.vm with loader org.apache.velocity.runtime.resource.loader.ClasspathResourceLoader
2017-06-16 16:32:59,430 - ResourceManager : found /templates/service.java.vm with loader org.apache.velocity.runtime.resource.loader.ClasspathResourceLoader
2017-06-16 16:32:59,432 - ResourceManager : found /templates/serviceImpl.java.vm with loader org.apache.velocity.runtime.resource.loader.ClasspathResourceLoader
2017-06-16 16:32:59,437 - ResourceManager : found /templates/controller.java.vm with loader org.apache.velocity.runtime.resource.loader.ClasspathResourceLoader
2017-06-16 16:32:59,439 - ResourceManager : found /templates/mapper.xml.vm with loader org.apache.velocity.runtime.resource.loader.ClasspathResourceLoader
